<?xml version="1.0" encoding="UTF-8"?>
<testsuite xmlns:xsi="http://www.w3.org/2001/XMLSchema-instance" xsi:noNamespaceSchemaLocation="https://maven.apache.org/surefire/maven-surefire-plugin/xsd/surefire-test-report-3.0.xsd" version="3.0" name="com.university.finance.pattern.command.DepositCommandTest" time="0.012" tests="1" errors="0" skipped="0" failures="0">
  <properties>
[...]
</properties>
  <testcase name="shouldDepositAmountWhenAccountExistsAndAmountIsValid" classname="com.university.finance.pattern.command.DepositCommandTest" time="0.008">
    <system-out><![CDATA[Nom utilisateur: Montant à déposer: Dépôt réussi. Nouveau solde: $1500.0
]]></system-out>
  </testcase>
</testsuite>